Copyright 1986-2022 Xilinx, Inc. All Rights Reserved. Copyright 2022-2025 Advanced Micro Devices, Inc. All Rights Reserved.
---------------------------------------------------------------------------------------------------------------------------------------------
| Tool Version : Vivado v.2025.1 (lin64) Build 6140274 Wed May 21 22:58:25 MDT 2025
| Date         : Wed Nov 19 17:09:20 2025
| Host         : exjobb35 running 64-bit Ubuntu 24.04.3 LTS
| Command      : report_clock_utilization -file toplevel_clock_utilization_routed.rpt
| Design       : toplevel
| Device       : 7a200t-sbg484
| Speed File   : -1  PRODUCTION 1.23 2018-06-13
| Design State : Routed
---------------------------------------------------------------------------------------------------------------------------------------------

Clock Utilization Report

Table of Contents
-----------------
1. Clock Primitive Utilization
2. Global Clock Resources
3. Global Clock Source Details
4. Clock Regions: Key Resource Utilization
5. Clock Regions : Global Clock Summary
6. Device Cell Placement Summary for Global Clock g0
7. Device Cell Placement Summary for Global Clock g1
8. Device Cell Placement Summary for Global Clock g2
9. Device Cell Placement Summary for Global Clock g3
10. Device Cell Placement Summary for Global Clock g4
11. Device Cell Placement Summary for Global Clock g5
12. Device Cell Placement Summary for Global Clock g6
13. Device Cell Placement Summary for Global Clock g7
14. Device Cell Placement Summary for Global Clock g8
15. Clock Region Cell Placement per Global Clock: Region X0Y0
16. Clock Region Cell Placement per Global Clock: Region X1Y0
17. Clock Region Cell Placement per Global Clock: Region X0Y1
18. Clock Region Cell Placement per Global Clock: Region X1Y1
19. Clock Region Cell Placement per Global Clock: Region X0Y2
20. Clock Region Cell Placement per Global Clock: Region X1Y2
21. Clock Region Cell Placement per Global Clock: Region X0Y3
22. Clock Region Cell Placement per Global Clock: Region X1Y3

1. Clock Primitive Utilization
------------------------------

+----------+------+-----------+-----+--------------+--------+
| Type     | Used | Available | LOC | Clock Region | Pblock |
+----------+------+-----------+-----+--------------+--------+
| BUFGCTRL |    9 |        32 |   0 |            0 |      0 |
| BUFH     |    0 |       120 |   0 |            0 |      0 |
| BUFIO    |    0 |        40 |   0 |            0 |      0 |
| BUFMR    |    0 |        20 |   0 |            0 |      0 |
| BUFR     |    0 |        40 |   0 |            0 |      0 |
| MMCM     |    0 |        10 |   0 |            0 |      0 |
| PLL      |    2 |        10 |   0 |            0 |      0 |
+----------+------+-----------+-----+--------------+--------+


2. Global Clock Resources
-------------------------

+-----------+-----------+-----------------+------------+---------------+--------------+-------------------+-------------+-----------------+--------------+------------------------+---------------------------------+-----------------------------------------+
| Global Id | Source Id | Driver Type/Pin | Constraint | Site          | Clock Region | Load Clock Region | Clock Loads | Non-Clock Loads | Clock Period | Clock                  | Driver Pin                      | Net                                     |
+-----------+-----------+-----------------+------------+---------------+--------------+-------------------+-------------+-----------------+--------------+------------------------+---------------------------------+-----------------------------------------+
| g0        | src0      | BUFG/O          | None       | BUFGCTRL_X0Y0 | n/a          |                 7 |       25199 |               0 |       11.000 | main_clkout1           | has_dram.dram/litedram/BUFG_1/O | has_dram.dram/litedram/BUFG_1_0         |
| g1        | src1      | BUFG/O          | None       | BUFGCTRL_X0Y7 | n/a          |                 1 |         159 |               0 |              |                        | soc0/dtm/clkbuf/O               | soc0/dtm/jtag_clk                       |
| g2        | src2      | BUFG/O          | None       | BUFGCTRL_X0Y1 | n/a          |                 2 |         141 |               0 |        8.000 | maccore_ethphy_clkout0 | has_liteeth.liteeth/BUFG_1/O    | has_liteeth.liteeth/eth_tx_clk          |
| g3        | src3      | BUFG/O          | None       | BUFGCTRL_X0Y2 | n/a          |                 3 |         108 |               0 |        8.000 | eth_clocks_rx          | has_liteeth.liteeth/BUFG/O      | has_liteeth.liteeth/eth_rx_clk          |
| g4        | src4      | BUFG/O          | None       | BUFGCTRL_X0Y3 | n/a          |                 1 |          59 |               0 |        2.750 | main_clkout2           | has_dram.dram/litedram/BUFG_2/O | has_dram.dram/litedram/BUFG_2_0         |
| g5        | src5      | BUFG/O          | None       | BUFGCTRL_X0Y8 | n/a          |                 2 |          30 |               0 |       11.000 | sys_clk_pin            | ext_clk_IBUF_BUFG_inst/O        | ext_clk_IBUF_BUFG                       |
| g6        | src6      | BUFG/O          | None       | BUFGCTRL_X0Y4 | n/a          |                 2 |           9 |               0 |        5.500 | main_clkout0           | has_dram.dram/litedram/BUFG/O   | has_dram.dram/litedram/iodelay_clk      |
| g7        | src7      | BUFG/O          | None       | BUFGCTRL_X0Y5 | n/a          |                 1 |           2 |               0 |        2.750 | main_clkout3           | has_dram.dram/litedram/BUFG_3/O | has_dram.dram/litedram/main_clkout_buf3 |
| g8        | src8      | BUFG/O          | None       | BUFGCTRL_X0Y6 | n/a          |                 1 |           1 |               0 |        8.000 | maccore_ethphy_clkout1 | has_liteeth.liteeth/BUFG_2/O    | has_liteeth.liteeth/eth_tx_delayed_clk  |
+-----------+-----------+-----------------+------------+---------------+--------------+-------------------+-------------+-----------------+--------------+------------------------+---------------------------------+-----------------------------------------+
* Clock Loads column represents cell count of net connects that connect to a clock pin. Internal cell leaf pins are not considered
** Non-Clock Loads column represents cell count of non-clock pin loads


3. Global Clock Source Details
------------------------------

+-----------+-----------+-------------------+------------+----------------+--------------+-------------+-----------------+---------------------+------------------------+------------------------------------------+----------------------------------------------------+
| Source Id | Global Id | Driver Type/Pin   | Constraint | Site           | Clock Region | Clock Loads | Non-Clock Loads | Source Clock Period | Source Clock           | Driver Pin                               | Net                                                |
+-----------+-----------+-------------------+------------+----------------+--------------+-------------+-----------------+---------------------+------------------------+------------------------------------------+----------------------------------------------------+
| src0      | g0        | PLLE2_ADV/CLKOUT1 | None       | PLLE2_ADV_X0Y2 | X0Y2         |           1 |               0 |              11.000 | main_clkout1           | has_dram.dram/litedram/PLLE2_ADV/CLKOUT1 | has_dram.dram/litedram/main_clkout1                |
| src1      | g1        | BSCANE2/TCK       | None       | BSCAN_X0Y1     | X0Y2         |           1 |               0 |                     |                        | soc0/dtm/bscan/TCK                       | soc0/dtm/tck                                       |
| src2      | g2        | PLLE2_ADV/CLKOUT0 | None       | PLLE2_ADV_X1Y0 | X1Y0         |           1 |               0 |               8.000 | maccore_ethphy_clkout0 | has_liteeth.liteeth/PLLE2_ADV/CLKOUT0    | has_liteeth.liteeth/maccore_ethphy_clkout0         |
| src3      | g3        | IBUF/O            | IOB_X0Y74  | IOB_X0Y74      | X0Y1         |           1 |               0 |               8.000 | eth_clocks_rx          | has_liteeth.liteeth/IBUF/O               | has_liteeth.liteeth/maccore_ethphy_eth_rx_clk_ibuf |
| src4      | g4        | PLLE2_ADV/CLKOUT2 | None       | PLLE2_ADV_X0Y2 | X0Y2         |           1 |               0 |               2.750 | main_clkout2           | has_dram.dram/litedram/PLLE2_ADV/CLKOUT2 | has_dram.dram/litedram/main_clkout2                |
| src5      | g5        | IBUF/O            | IOB_X1Y124 | IOB_X1Y124     | X1Y2         |           1 |               0 |              11.000 | sys_clk_pin            | ext_clk_IBUF_inst/O                      | ext_clk_IBUF                                       |
| src6      | g6        | PLLE2_ADV/CLKOUT0 | None       | PLLE2_ADV_X0Y2 | X0Y2         |           1 |               0 |               5.500 | main_clkout0           | has_dram.dram/litedram/PLLE2_ADV/CLKOUT0 | has_dram.dram/litedram/main_clkout0                |
| src7      | g7        | PLLE2_ADV/CLKOUT3 | None       | PLLE2_ADV_X0Y2 | X0Y2         |           1 |               0 |               2.750 | main_clkout3           | has_dram.dram/litedram/PLLE2_ADV/CLKOUT3 | has_dram.dram/litedram/main_clkout3                |
| src8      | g8        | PLLE2_ADV/CLKOUT1 | None       | PLLE2_ADV_X1Y0 | X1Y0         |           1 |               0 |               8.000 | maccore_ethphy_clkout1 | has_liteeth.liteeth/PLLE2_ADV/CLKOUT1    | has_liteeth.liteeth/maccore_ethphy_clkout1         |
+-----------+-----------+-------------------+------------+----------------+--------------+-------------+-----------------+---------------------+------------------------+------------------------------------------+----------------------------------------------------+
* Clock Loads column represents cell count of net connects that connect to a clock pin. Internal cell leaf pins are not considered
** Non-Clock Loads column represents cell count of non-clock pin loads


4. Clock Regions: Key Resource Utilization
------------------------------------------

+-------------------+--------------+--------------+--------------+--------------+--------------+--------------+--------------+--------------+--------------+--------------+--------------+--------------+--------------+--------------+--------------+
|                   | Global Clock |     BUFRs    |    BUFMRs    |    BUFIOs    |     MMCM     |      PLL     |      GT      |      PCI     |    ILOGIC    |    OLOGIC    |      FF      |     LUTM     |    RAMB18    |    RAMB36    |    DSP48E2   |
+-------------------+------+-------+------+-------+------+-------+------+-------+------+-------+------+-------+------+-------+------+-------+------+-------+------+-------+------+-------+------+-------+------+-------+------+-------+------+-------+
| Clock Region Name | Used | Avail | Used | Avail | Used | Avail | Used | Avail | Used | Avail | Used | Avail | Used | Avail | Used | Avail | Used | Avail | Used | Avail | Used | Avail | Used | Avail | Used | Avail | Used | Avail | Used | Avail |
+-------------------+------+-------+------+-------+------+-------+------+-------+------+-------+------+-------+------+-------+------+-------+------+-------+------+-------+------+-------+------+-------+------+-------+------+-------+------+-------+
| X0Y0              |    1 |    12 |    0 |     4 |    0 |     2 |    0 |     4 |    0 |     1 |    0 |     1 |    0 |     4 |    0 |     0 |    0 |    50 |    0 |    50 |  453 |  2700 |  125 |   800 |    0 |    60 |    3 |    30 |   16 |    60 |
| X1Y0              |    2 |    12 |    0 |     4 |    0 |     2 |    0 |     4 |    0 |     1 |    1 |     1 |    0 |     4 |    0 |     0 |    0 |    50 |    0 |    50 | 1074 |  2500 |  380 |   800 |    0 |    40 |    7 |    20 |   12 |    40 |
| X0Y1              |    5 |    12 |    0 |     4 |    0 |     2 |    0 |     4 |    0 |     1 |    0 |     1 |    0 |     0 |    0 |     0 |    5 |    50 |    6 |    50 | 7411 |  4200 | 2561 |  1400 |    0 |   100 |   24 |    50 |   24 |   100 |
| X1Y1              |    2 |    12 |    0 |     4 |    0 |     2 |    0 |     4 |    0 |     1 |    0 |     1 |    0 |     0 |    0 |     0 |    0 |    50 |    0 |    50 | 7633 |  4000 | 2502 |  1400 |    1 |    80 |   23 |    40 |   20 |    80 |
| X0Y2              |    4 |    12 |    0 |     4 |    0 |     2 |    0 |     4 |    0 |     1 |    1 |     1 |    0 |     0 |    0 |     0 |    0 |    50 |    0 |    50 | 2009 |  3600 |  718 |  1400 |    0 |   100 |    9 |    50 |    0 |   100 |
| X1Y2              |    1 |    12 |    0 |     4 |    0 |     2 |    0 |     4 |    0 |     1 |    0 |     1 |    0 |     0 |    0 |     0 |    0 |    50 |    0 |    50 | 2836 |  4000 |  898 |  1400 |    0 |    80 |   12 |    40 |    0 |    80 |
| X0Y3              |    1 |    12 |    0 |     4 |    0 |     2 |    0 |     4 |    0 |     1 |    0 |     1 |    0 |     0 |    0 |     0 |    0 |    50 |    0 |    50 |   21 |  3600 |   19 |  1400 |    0 |   100 |    0 |    50 |    0 |   100 |
| X1Y3              |    4 |    12 |    0 |     4 |    0 |     2 |    0 |     4 |    0 |     1 |    0 |     1 |    0 |     0 |    0 |     0 |   16 |    50 |   45 |    50 | 3035 |  4000 |  975 |  1400 |    0 |    80 |    6 |    40 |    0 |    80 |
| X0Y4              |    0 |    12 |    0 |     4 |    0 |     2 |    0 |     4 |    0 |     1 |    0 |     1 |    0 |     4 |    0 |     1 |    0 |    50 |    0 |    50 |    0 |  2550 |    0 |   750 |    0 |    50 |    0 |    25 |    0 |    60 |
| X1Y4              |    0 |    12 |    0 |     4 |    0 |     2 |    0 |     4 |    0 |     1 |    0 |     1 |    0 |     4 |    0 |     0 |    0 |    50 |    0 |    50 |    0 |  2500 |    0 |   800 |    0 |    40 |    0 |    20 |    0 |    40 |
+-------------------+------+-------+------+-------+------+-------+------+-------+------+-------+------+-------+------+-------+------+-------+------+-------+------+-------+------+-------+------+-------+------+-------+------+-------+------+-------+
* Global Clock column represents track count; while other columns represents cell counts


5. Clock Regions : Global Clock Summary
---------------------------------------

All Modules
+----+----+----+
|    | X0 | X1 |
+----+----+----+
| Y4 |  0 |  0 |
| Y3 |  0 |  0 |
| Y2 |  0 |  0 |
| Y1 |  0 |  0 |
| Y0 |  0 |  0 |
+----+----+----+


6. Device Cell Placement Summary for Global Clock g0
----------------------------------------------------

+-----------+-----------------+-------------------+--------------+-------------+---------------+-------------+----------+----------------+----------+---------------------------------+
| Global Id | Driver Type/Pin | Driver Region (D) | Clock        | Period (ns) | Waveform (ns) | Slice Loads | IO Loads | Clocking Loads | GT Loads | Net                             |
+-----------+-----------------+-------------------+--------------+-------------+---------------+-------------+----------+----------------+----------+---------------------------------+
| g0        | BUFG/O          | n/a               | main_clkout1 |      11.000 | {0.000 5.500} |       24230 |       61 |              0 |        0 | has_dram.dram/litedram/BUFG_1_0 |
+-----------+-----------------+-------------------+--------------+-------------+---------------+-------------+----------+----------------+----------+---------------------------------+
* Slice Loads column represents load cell count of all cell types other than IO, GT and clock resources
** IO Loads column represents load cell count of IO types
*** Clocking Loads column represents load cell count that are clock resources (global clock buffer, MMCM, PLL, etc)
**** GT Loads column represents load cell count of GT types


+----+-------+-------+-----------------------+
|    | X0    | X1    | HORIZONTAL PROG DELAY |
+----+-------+-------+-----------------------+
| Y4 |     0 |     0 |                     - |
| Y3 |     0 |  3113 |                     0 |
| Y2 |  1779 |  2848 |                     0 |
| Y1 |  7463 |  7522 |                     0 |
| Y0 |   473 |  1093 |                     0 |
+----+-------+-------+-----------------------+


7. Device Cell Placement Summary for Global Clock g1
----------------------------------------------------

+-----------+-----------------+-------------------+-------+-------------+---------------+-------------+----------+----------------+----------+-------------------+
| Global Id | Driver Type/Pin | Driver Region (D) | Clock | Period (ns) | Waveform (ns) | Slice Loads | IO Loads | Clocking Loads | GT Loads | Net               |
+-----------+-----------------+-------------------+-------+-------------+---------------+-------------+----------+----------------+----------+-------------------+
| g1        | BUFG/O          | n/a               |       |             |               |         159 |        0 |              0 |        0 | soc0/dtm/jtag_clk |
+-----------+-----------------+-------------------+-------+-------------+---------------+-------------+----------+----------------+----------+-------------------+
* Slice Loads column represents load cell count of all cell types other than IO, GT and clock resources
** IO Loads column represents load cell count of IO types
*** Clocking Loads column represents load cell count that are clock resources (global clock buffer, MMCM, PLL, etc)
**** GT Loads column represents load cell count of GT types


+----+----+------+-----------------------+
|    | X0 | X1   | HORIZONTAL PROG DELAY |
+----+----+------+-----------------------+
| Y4 |  0 |    0 |                     - |
| Y3 |  0 |    0 |                     - |
| Y2 |  0 |    0 |                     - |
| Y1 |  0 |  159 |                     0 |
| Y0 |  0 |    0 |                     - |
+----+----+------+-----------------------+


8. Device Cell Placement Summary for Global Clock g2
----------------------------------------------------

+-----------+-----------------+-------------------+------------------------+-------------+---------------+-------------+----------+----------------+----------+--------------------------------+
| Global Id | Driver Type/Pin | Driver Region (D) | Clock                  | Period (ns) | Waveform (ns) | Slice Loads | IO Loads | Clocking Loads | GT Loads | Net                            |
+-----------+-----------------+-------------------+------------------------+-------------+---------------+-------------+----------+----------------+----------+--------------------------------+
| g2        | BUFG/O          | n/a               | maccore_ethphy_clkout0 |       8.000 | {0.000 4.000} |         141 |        0 |              0 |        0 | has_liteeth.liteeth/eth_tx_clk |
+-----------+-----------------+-------------------+------------------------+-------------+---------------+-------------+----------+----------------+----------+--------------------------------+
* Slice Loads column represents load cell count of all cell types other than IO, GT and clock resources
** IO Loads column represents load cell count of IO types
*** Clocking Loads column represents load cell count that are clock resources (global clock buffer, MMCM, PLL, etc)
**** GT Loads column represents load cell count of GT types


+----+------+----+-----------------------+
|    | X0   | X1 | HORIZONTAL PROG DELAY |
+----+------+----+-----------------------+
| Y4 |    0 |  0 |                     - |
| Y3 |    0 |  0 |                     - |
| Y2 |  136 |  0 |                     0 |
| Y1 |    5 |  0 |                     0 |
| Y0 |    0 |  0 |                     - |
+----+------+----+-----------------------+


9. Device Cell Placement Summary for Global Clock g3
----------------------------------------------------

+-----------+-----------------+-------------------+---------------+-------------+---------------+-------------+----------+----------------+----------+--------------------------------+
| Global Id | Driver Type/Pin | Driver Region (D) | Clock         | Period (ns) | Waveform (ns) | Slice Loads | IO Loads | Clocking Loads | GT Loads | Net                            |
+-----------+-----------------+-------------------+---------------+-------------+---------------+-------------+----------+----------------+----------+--------------------------------+
| g3        | BUFG/O          | n/a               | eth_clocks_rx |       8.000 | {0.000 4.000} |         104 |        0 |              1 |        0 | has_liteeth.liteeth/eth_rx_clk |
+-----------+-----------------+-------------------+---------------+-------------+---------------+-------------+----------+----------------+----------+--------------------------------+
* Slice Loads column represents load cell count of all cell types other than IO, GT and clock resources
** IO Loads column represents load cell count of IO types
*** Clocking Loads column represents load cell count that are clock resources (global clock buffer, MMCM, PLL, etc)
**** GT Loads column represents load cell count of GT types


+----+-----+----+-----------------------+
|    | X0  | X1 | HORIZONTAL PROG DELAY |
+----+-----+----+-----------------------+
| Y4 |   0 |  0 |                     - |
| Y3 |   0 |  0 |                     - |
| Y2 |  99 |  0 |                     0 |
| Y1 |   5 |  0 |                     0 |
| Y0 |   0 |  1 |                     0 |
+----+-----+----+-----------------------+


10. Device Cell Placement Summary for Global Clock g4
-----------------------------------------------------

+-----------+-----------------+-------------------+--------------+-------------+---------------+-------------+----------+----------------+----------+---------------------------------+
| Global Id | Driver Type/Pin | Driver Region (D) | Clock        | Period (ns) | Waveform (ns) | Slice Loads | IO Loads | Clocking Loads | GT Loads | Net                             |
+-----------+-----------------+-------------------+--------------+-------------+---------------+-------------+----------+----------------+----------+---------------------------------+
| g4        | BUFG/O          | n/a               | main_clkout2 |       2.750 | {0.000 1.375} |           0 |       59 |              0 |        0 | has_dram.dram/litedram/BUFG_2_0 |
+-----------+-----------------+-------------------+--------------+-------------+---------------+-------------+----------+----------------+----------+---------------------------------+
* Slice Loads column represents load cell count of all cell types other than IO, GT and clock resources
** IO Loads column represents load cell count of IO types
*** Clocking Loads column represents load cell count that are clock resources (global clock buffer, MMCM, PLL, etc)
**** GT Loads column represents load cell count of GT types


+----+----+-----+-----------------------+
|    | X0 | X1  | HORIZONTAL PROG DELAY |
+----+----+-----+-----------------------+
| Y4 |  0 |   0 |                     - |
| Y3 |  0 |  59 |                     0 |
| Y2 |  0 |   0 |                     - |
| Y1 |  0 |   0 |                     - |
| Y0 |  0 |   0 |                     - |
+----+----+-----+-----------------------+


11. Device Cell Placement Summary for Global Clock g5
-----------------------------------------------------

+-----------+-----------------+-------------------+-------------+-------------+---------------+-------------+----------+----------------+----------+-------------------+
| Global Id | Driver Type/Pin | Driver Region (D) | Clock       | Period (ns) | Waveform (ns) | Slice Loads | IO Loads | Clocking Loads | GT Loads | Net               |
+-----------+-----------------+-------------------+-------------+-------------+---------------+-------------+----------+----------------+----------+-------------------+
| g5        | BUFG/O          | n/a               | sys_clk_pin |      11.000 | {0.000 5.500} |          29 |        0 |              1 |        0 | ext_clk_IBUF_BUFG |
+-----------+-----------------+-------------------+-------------+-------------+---------------+-------------+----------+----------------+----------+-------------------+
* Slice Loads column represents load cell count of all cell types other than IO, GT and clock resources
** IO Loads column represents load cell count of IO types
*** Clocking Loads column represents load cell count that are clock resources (global clock buffer, MMCM, PLL, etc)
**** GT Loads column represents load cell count of GT types


+----+-----+----+-----------------------+
|    | X0  | X1 | HORIZONTAL PROG DELAY |
+----+-----+----+-----------------------+
| Y4 |   0 |  0 |                     - |
| Y3 |  21 |  0 |                     0 |
| Y2 |   9 |  0 |                     0 |
| Y1 |   0 |  0 |                     - |
| Y0 |   0 |  0 |                     - |
+----+-----+----+-----------------------+


12. Device Cell Placement Summary for Global Clock g6
-----------------------------------------------------

+-----------+-----------------+-------------------+--------------+-------------+---------------+-------------+----------+----------------+----------+------------------------------------+
| Global Id | Driver Type/Pin | Driver Region (D) | Clock        | Period (ns) | Waveform (ns) | Slice Loads | IO Loads | Clocking Loads | GT Loads | Net                                |
+-----------+-----------------+-------------------+--------------+-------------+---------------+-------------+----------+----------------+----------+------------------------------------+
| g6        | BUFG/O          | n/a               | main_clkout0 |       5.500 | {0.000 2.750} |           9 |        0 |              0 |        0 | has_dram.dram/litedram/iodelay_clk |
+-----------+-----------------+-------------------+--------------+-------------+---------------+-------------+----------+----------------+----------+------------------------------------+
* Slice Loads column represents load cell count of all cell types other than IO, GT and clock resources
** IO Loads column represents load cell count of IO types
*** Clocking Loads column represents load cell count that are clock resources (global clock buffer, MMCM, PLL, etc)
**** GT Loads column represents load cell count of GT types


+----+----+----+-----------------------+
|    | X0 | X1 | HORIZONTAL PROG DELAY |
+----+----+----+-----------------------+
| Y4 |  0 |  0 |                     - |
| Y3 |  0 |  8 |                     0 |
| Y2 |  0 |  0 |                     - |
| Y1 |  1 |  0 |                     0 |
| Y0 |  0 |  0 |                     - |
+----+----+----+-----------------------+


13. Device Cell Placement Summary for Global Clock g7
-----------------------------------------------------

+-----------+-----------------+-------------------+--------------+-------------+---------------+-------------+----------+----------------+----------+-----------------------------------------+
| Global Id | Driver Type/Pin | Driver Region (D) | Clock        | Period (ns) | Waveform (ns) | Slice Loads | IO Loads | Clocking Loads | GT Loads | Net                                     |
+-----------+-----------------+-------------------+--------------+-------------+---------------+-------------+----------+----------------+----------+-----------------------------------------+
| g7        | BUFG/O          | n/a               | main_clkout3 |       2.750 | {0.688 2.062} |           0 |        2 |              0 |        0 | has_dram.dram/litedram/main_clkout_buf3 |
+-----------+-----------------+-------------------+--------------+-------------+---------------+-------------+----------+----------------+----------+-----------------------------------------+
* Slice Loads column represents load cell count of all cell types other than IO, GT and clock resources
** IO Loads column represents load cell count of IO types
*** Clocking Loads column represents load cell count that are clock resources (global clock buffer, MMCM, PLL, etc)
**** GT Loads column represents load cell count of GT types


+----+----+----+-----------------------+
|    | X0 | X1 | HORIZONTAL PROG DELAY |
+----+----+----+-----------------------+
| Y4 |  0 |  0 |                     - |
| Y3 |  0 |  2 |                     0 |
| Y2 |  0 |  0 |                     - |
| Y1 |  0 |  0 |                     - |
| Y0 |  0 |  0 |                     - |
+----+----+----+-----------------------+


14. Device Cell Placement Summary for Global Clock g8
-----------------------------------------------------

+-----------+-----------------+-------------------+------------------------+-------------+---------------+-------------+----------+----------------+----------+----------------------------------------+
| Global Id | Driver Type/Pin | Driver Region (D) | Clock                  | Period (ns) | Waveform (ns) | Slice Loads | IO Loads | Clocking Loads | GT Loads | Net                                    |
+-----------+-----------------+-------------------+------------------------+-------------+---------------+-------------+----------+----------------+----------+----------------------------------------+
| g8        | BUFG/O          | n/a               | maccore_ethphy_clkout1 |       8.000 | {2.000 6.000} |           1 |        0 |              0 |        0 | has_liteeth.liteeth/eth_tx_delayed_clk |
+-----------+-----------------+-------------------+------------------------+-------------+---------------+-------------+----------+----------------+----------+----------------------------------------+
* Slice Loads column represents load cell count of all cell types other than IO, GT and clock resources
** IO Loads column represents load cell count of IO types
*** Clocking Loads column represents load cell count that are clock resources (global clock buffer, MMCM, PLL, etc)
**** GT Loads column represents load cell count of GT types


+----+----+----+-----------------------+
|    | X0 | X1 | HORIZONTAL PROG DELAY |
+----+----+----+-----------------------+
| Y4 |  0 |  0 |                     - |
| Y3 |  0 |  0 |                     - |
| Y2 |  0 |  0 |                     - |
| Y1 |  1 |  0 |                     0 |
| Y0 |  0 |  0 |                     - |
+----+----+----+-----------------------+


15. Clock Region Cell Placement per Global Clock: Region X0Y0
-------------------------------------------------------------

+-----------+-------+-----------------+------------+-------------+-----------------+-----+-------------+------+-----+----+------+-----+---------+---------------------------------+
| Global Id | Track | Driver Type/Pin | Constraint | Clock Loads | Non-Clock Loads | FF  | Memory LUTs | RAMB | DSP | GT | MMCM | PLL | Hard IP | Net                             |
+-----------+-------+-----------------+------------+-------------+-----------------+-----+-------------+------+-----+----+------+-----+---------+---------------------------------+
| g0        | n/a   | BUFG/O          | None       |         473 |               0 | 453 |           0 |    3 |  16 |  0 |    0 |   0 |       0 | has_dram.dram/litedram/BUFG_1_0 |
+-----------+-------+-----------------+------------+-------------+-----------------+-----+-------------+------+-----+----+------+-----+---------+---------------------------------+
* Clock Loads column represents cell count of net connects that connect to a clock pin. Internal cell leaf pins are not considered
** Non-Clock Loads column represents cell count of non-clock pin loads
*** Columns FF, LUTRAM, RAMB through 'Hard IP' represents load cell counts


16. Clock Region Cell Placement per Global Clock: Region X1Y0
-------------------------------------------------------------

+-----------+-------+-----------------+------------+-------------+-----------------+------+-------------+------+-----+----+------+-----+---------+---------------------------------+
| Global Id | Track | Driver Type/Pin | Constraint | Clock Loads | Non-Clock Loads | FF   | Memory LUTs | RAMB | DSP | GT | MMCM | PLL | Hard IP | Net                             |
+-----------+-------+-----------------+------------+-------------+-----------------+------+-------------+------+-----+----+------+-----+---------+---------------------------------+
| g0        | n/a   | BUFG/O          | None       |        1093 |               0 | 1074 |           0 |    7 |  12 |  0 |    0 |   0 |       0 | has_dram.dram/litedram/BUFG_1_0 |
| g3        | n/a   | BUFG/O          | None       |           1 |               0 |    0 |           0 |    0 |   0 |  0 |    0 |   1 |       0 | has_liteeth.liteeth/eth_rx_clk  |
+-----------+-------+-----------------+------------+-------------+-----------------+------+-------------+------+-----+----+------+-----+---------+---------------------------------+
* Clock Loads column represents cell count of net connects that connect to a clock pin. Internal cell leaf pins are not considered
** Non-Clock Loads column represents cell count of non-clock pin loads
*** Columns FF, LUTRAM, RAMB through 'Hard IP' represents load cell counts


17. Clock Region Cell Placement per Global Clock: Region X0Y1
-------------------------------------------------------------

+-----------+-------+-----------------+------------+-------------+-----------------+------+-------------+------+-----+----+------+-----+---------+----------------------------------------+
| Global Id | Track | Driver Type/Pin | Constraint | Clock Loads | Non-Clock Loads | FF   | Memory LUTs | RAMB | DSP | GT | MMCM | PLL | Hard IP | Net                                    |
+-----------+-------+-----------------+------------+-------------+-----------------+------+-------------+------+-----+----+------+-----+---------+----------------------------------------+
| g0        | n/a   | BUFG/O          | None       |        7463 |               0 | 7411 |           0 |   24 |  24 |  0 |    0 |   0 |       0 | has_dram.dram/litedram/BUFG_1_0        |
| g2        | n/a   | BUFG/O          | None       |           5 |               0 |    0 |           0 |    0 |   0 |  0 |    0 |   0 |       0 | has_liteeth.liteeth/eth_tx_clk         |
| g3        | n/a   | BUFG/O          | None       |           5 |               0 |    0 |           0 |    0 |   0 |  0 |    0 |   0 |       0 | has_liteeth.liteeth/eth_rx_clk         |
| g6        | n/a   | BUFG/O          | None       |           1 |               0 |    0 |           0 |    0 |   0 |  0 |    0 |   0 |       0 | has_dram.dram/litedram/iodelay_clk     |
| g8        | n/a   | BUFG/O          | None       |           1 |               0 |    0 |           0 |    0 |   0 |  0 |    0 |   0 |       0 | has_liteeth.liteeth/eth_tx_delayed_clk |
+-----------+-------+-----------------+------------+-------------+-----------------+------+-------------+------+-----+----+------+-----+---------+----------------------------------------+
* Clock Loads column represents cell count of net connects that connect to a clock pin. Internal cell leaf pins are not considered
** Non-Clock Loads column represents cell count of non-clock pin loads
*** Columns FF, LUTRAM, RAMB through 'Hard IP' represents load cell counts


18. Clock Region Cell Placement per Global Clock: Region X1Y1
-------------------------------------------------------------

+-----------+-------+-----------------+------------+-------------+-----------------+------+-------------+------+-----+----+------+-----+---------+---------------------------------+
| Global Id | Track | Driver Type/Pin | Constraint | Clock Loads | Non-Clock Loads | FF   | Memory LUTs | RAMB | DSP | GT | MMCM | PLL | Hard IP | Net                             |
+-----------+-------+-----------------+------------+-------------+-----------------+------+-------------+------+-----+----+------+-----+---------+---------------------------------+
| g0        | n/a   | BUFG/O          | None       |        7522 |               0 | 7474 |           0 |   24 |  20 |  0 |    0 |   0 |       0 | has_dram.dram/litedram/BUFG_1_0 |
| g1        | n/a   | BUFG/O          | None       |         159 |               0 |  159 |           0 |    0 |   0 |  0 |    0 |   0 |       0 | soc0/dtm/jtag_clk               |
+-----------+-------+-----------------+------------+-------------+-----------------+------+-------------+------+-----+----+------+-----+---------+---------------------------------+
* Clock Loads column represents cell count of net connects that connect to a clock pin. Internal cell leaf pins are not considered
** Non-Clock Loads column represents cell count of non-clock pin loads
*** Columns FF, LUTRAM, RAMB through 'Hard IP' represents load cell counts


19. Clock Region Cell Placement per Global Clock: Region X0Y2
-------------------------------------------------------------

+-----------+-------+-----------------+------------+-------------+-----------------+------+-------------+------+-----+----+------+-----+---------+---------------------------------+
| Global Id | Track | Driver Type/Pin | Constraint | Clock Loads | Non-Clock Loads | FF   | Memory LUTs | RAMB | DSP | GT | MMCM | PLL | Hard IP | Net                             |
+-----------+-------+-----------------+------------+-------------+-----------------+------+-------------+------+-----+----+------+-----+---------+---------------------------------+
| g0        | n/a   | BUFG/O          | None       |        1779 |               0 | 1768 |           0 |    9 |   0 |  0 |    0 |   0 |       0 | has_dram.dram/litedram/BUFG_1_0 |
| g2        | n/a   | BUFG/O          | None       |         136 |               0 |  135 |           0 |    1 |   0 |  0 |    0 |   0 |       0 | has_liteeth.liteeth/eth_tx_clk  |
| g3        | n/a   | BUFG/O          | None       |          99 |               0 |   98 |           0 |    1 |   0 |  0 |    0 |   0 |       0 | has_liteeth.liteeth/eth_rx_clk  |
| g5        | n/a   | BUFG/O          | None       |           9 |               0 |    8 |           0 |    0 |   0 |  0 |    0 |   1 |       0 | ext_clk_IBUF_BUFG               |
+-----------+-------+-----------------+------------+-------------+-----------------+------+-------------+------+-----+----+------+-----+---------+---------------------------------+
* Clock Loads column represents cell count of net connects that connect to a clock pin. Internal cell leaf pins are not considered
** Non-Clock Loads column represents cell count of non-clock pin loads
*** Columns FF, LUTRAM, RAMB through 'Hard IP' represents load cell counts


20. Clock Region Cell Placement per Global Clock: Region X1Y2
-------------------------------------------------------------

+-----------+-------+-----------------+------------+-------------+-----------------+------+-------------+------+-----+----+------+-----+---------+---------------------------------+
| Global Id | Track | Driver Type/Pin | Constraint | Clock Loads | Non-Clock Loads | FF   | Memory LUTs | RAMB | DSP | GT | MMCM | PLL | Hard IP | Net                             |
+-----------+-------+-----------------+------------+-------------+-----------------+------+-------------+------+-----+----+------+-----+---------+---------------------------------+
| g0        | n/a   | BUFG/O          | None       |        2848 |               0 | 2836 |           0 |   12 |   0 |  0 |    0 |   0 |       0 | has_dram.dram/litedram/BUFG_1_0 |
+-----------+-------+-----------------+------------+-------------+-----------------+------+-------------+------+-----+----+------+-----+---------+---------------------------------+
* Clock Loads column represents cell count of net connects that connect to a clock pin. Internal cell leaf pins are not considered
** Non-Clock Loads column represents cell count of non-clock pin loads
*** Columns FF, LUTRAM, RAMB through 'Hard IP' represents load cell counts


21. Clock Region Cell Placement per Global Clock: Region X0Y3
-------------------------------------------------------------

+-----------+-------+-----------------+------------+-------------+-----------------+----+-------------+------+-----+----+------+-----+---------+-------------------+
| Global Id | Track | Driver Type/Pin | Constraint | Clock Loads | Non-Clock Loads | FF | Memory LUTs | RAMB | DSP | GT | MMCM | PLL | Hard IP | Net               |
+-----------+-------+-----------------+------------+-------------+-----------------+----+-------------+------+-----+----+------+-----+---------+-------------------+
| g5        | n/a   | BUFG/O          | None       |          21 |               0 | 21 |           0 |    0 |   0 |  0 |    0 |   0 |       0 | ext_clk_IBUF_BUFG |
+-----------+-------+-----------------+------------+-------------+-----------------+----+-------------+------+-----+----+------+-----+---------+-------------------+
* Clock Loads column represents cell count of net connects that connect to a clock pin. Internal cell leaf pins are not considered
** Non-Clock Loads column represents cell count of non-clock pin loads
*** Columns FF, LUTRAM, RAMB through 'Hard IP' represents load cell counts


22. Clock Region Cell Placement per Global Clock: Region X1Y3
-------------------------------------------------------------

+-----------+-------+-----------------+------------+-------------+-----------------+------+-------------+------+-----+----+------+-----+---------+-----------------------------------------+
| Global Id | Track | Driver Type/Pin | Constraint | Clock Loads | Non-Clock Loads | FF   | Memory LUTs | RAMB | DSP | GT | MMCM | PLL | Hard IP | Net                                     |
+-----------+-------+-----------------+------------+-------------+-----------------+------+-------------+------+-----+----+------+-----+---------+-----------------------------------------+
| g0        | n/a   | BUFG/O          | None       |        3113 |               0 | 3028 |           2 |    6 |   0 |  0 |    0 |   0 |       0 | has_dram.dram/litedram/BUFG_1_0         |
| g4        | n/a   | BUFG/O          | None       |          59 |               0 |    0 |           0 |    0 |   0 |  0 |    0 |   0 |       0 | has_dram.dram/litedram/BUFG_2_0         |
| g6        | n/a   | BUFG/O          | None       |           8 |               0 |    7 |           0 |    0 |   0 |  0 |    0 |   0 |       0 | has_dram.dram/litedram/iodelay_clk      |
| g7        | n/a   | BUFG/O          | None       |           2 |               0 |    0 |           0 |    0 |   0 |  0 |    0 |   0 |       0 | has_dram.dram/litedram/main_clkout_buf3 |
+-----------+-------+-----------------+------------+-------------+-----------------+------+-------------+------+-----+----+------+-----+---------+-----------------------------------------+
* Clock Loads column represents cell count of net connects that connect to a clock pin. Internal cell leaf pins are not considered
** Non-Clock Loads column represents cell count of non-clock pin loads
*** Columns FF, LUTRAM, RAMB through 'Hard IP' represents load cell counts



# Location of BUFG Primitives 
set_property LOC BUFGCTRL_X0Y7 [get_cells soc0/dtm/clkbuf]
set_property LOC BUFGCTRL_X0Y6 [get_cells has_liteeth.liteeth/BUFG_2]
set_property LOC BUFGCTRL_X0Y1 [get_cells has_liteeth.liteeth/BUFG_1]
set_property LOC BUFGCTRL_X0Y2 [get_cells has_liteeth.liteeth/BUFG]
set_property LOC BUFGCTRL_X0Y5 [get_cells has_dram.dram/litedram/BUFG_3]
set_property LOC BUFGCTRL_X0Y4 [get_cells has_dram.dram/litedram/BUFG]
set_property LOC BUFGCTRL_X0Y3 [get_cells has_dram.dram/litedram/BUFG_2]
set_property LOC BUFGCTRL_X0Y0 [get_cells has_dram.dram/litedram/BUFG_1]
set_property LOC BUFGCTRL_X0Y8 [get_cells ext_clk_IBUF_BUFG_inst]

# Location of IO Primitives which is load of clock spine

# Location of clock ports
set_property LOC IOB_X0Y74 [get_ports eth_clocks_rx]
set_property LOC IOB_X1Y124 [get_ports ext_clk]

# Clock net "soc0/dtm/jtag_clk" driven by instance "soc0/dtm/clkbuf" located at site "BUFGCTRL_X0Y7"
#startgroup
create_pblock {CLKAG_soc0/dtm/jtag_clk}
add_cells_to_pblock [get_pblocks  {CLKAG_soc0/dtm/jtag_clk}] [get_cells -filter { PRIMITIVE_GROUP != I/O && IS_PRIMITIVE==1 && PRIMITIVE_LEVEL !=INTERNAL } -of_object [get_pins -filter {DIRECTION==IN} -of_objects [get_nets -hierarchical -filter {PARENT=="soc0/dtm/jtag_clk"}]]]
resize_pblock [get_pblocks {CLKAG_soc0/dtm/jtag_clk}] -add {CLOCKREGION_X1Y1:CLOCKREGION_X1Y1}
#endgroup

# Clock net "has_liteeth.liteeth/eth_tx_delayed_clk" driven by instance "has_liteeth.liteeth/BUFG_2" located at site "BUFGCTRL_X0Y6"
#startgroup
create_pblock {CLKAG_has_liteeth.liteeth/eth_tx_delayed_clk}
add_cells_to_pblock [get_pblocks  {CLKAG_has_liteeth.liteeth/eth_tx_delayed_clk}] [get_cells -filter { PRIMITIVE_GROUP != I/O && IS_PRIMITIVE==1 && PRIMITIVE_LEVEL !=INTERNAL } -of_object [get_pins -filter {DIRECTION==IN} -of_objects [get_nets -hierarchical -filter {PARENT=="has_liteeth.liteeth/eth_tx_delayed_clk"}]]]
resize_pblock [get_pblocks {CLKAG_has_liteeth.liteeth/eth_tx_delayed_clk}] -add {CLOCKREGION_X0Y1:CLOCKREGION_X0Y1}
#endgroup

# Clock net "has_liteeth.liteeth/eth_tx_clk" driven by instance "has_liteeth.liteeth/BUFG_1" located at site "BUFGCTRL_X0Y1"
#startgroup
create_pblock {CLKAG_has_liteeth.liteeth/eth_tx_clk}
add_cells_to_pblock [get_pblocks  {CLKAG_has_liteeth.liteeth/eth_tx_clk}] [get_cells -filter { PRIMITIVE_GROUP != I/O && IS_PRIMITIVE==1 && PRIMITIVE_LEVEL !=INTERNAL } -of_object [get_pins -filter {DIRECTION==IN} -of_objects [get_nets -hierarchical -filter {PARENT=="has_liteeth.liteeth/eth_tx_clk"}]]]
resize_pblock [get_pblocks {CLKAG_has_liteeth.liteeth/eth_tx_clk}] -add {CLOCKREGION_X0Y1:CLOCKREGION_X0Y1 CLOCKREGION_X0Y2:CLOCKREGION_X0Y2}
#endgroup

# Clock net "has_liteeth.liteeth/eth_rx_clk" driven by instance "has_liteeth.liteeth/BUFG" located at site "BUFGCTRL_X0Y2"
#startgroup
create_pblock {CLKAG_has_liteeth.liteeth/eth_rx_clk}
add_cells_to_pblock [get_pblocks  {CLKAG_has_liteeth.liteeth/eth_rx_clk}] [get_cells -filter { PRIMITIVE_GROUP != I/O && IS_PRIMITIVE==1 && PRIMITIVE_LEVEL !=INTERNAL && NAME!=has_liteeth.liteeth/PLLE2_ADV} -of_object [get_pins -filter {DIRECTION==IN} -of_objects [get_nets -hierarchical -filter {PARENT=="has_liteeth.liteeth/eth_rx_clk"}]]]
resize_pblock [get_pblocks {CLKAG_has_liteeth.liteeth/eth_rx_clk}] -add {CLOCKREGION_X0Y1:CLOCKREGION_X0Y1 CLOCKREGION_X0Y2:CLOCKREGION_X0Y2}
#endgroup

# Clock net "has_dram.dram/litedram/main_clkout_buf3" driven by instance "has_dram.dram/litedram/BUFG_3" located at site "BUFGCTRL_X0Y5"
#startgroup
create_pblock {CLKAG_has_dram.dram/litedram/main_clkout_buf3}
add_cells_to_pblock [get_pblocks  {CLKAG_has_dram.dram/litedram/main_clkout_buf3}] [get_cells -filter { PRIMITIVE_GROUP != I/O && IS_PRIMITIVE==1 && PRIMITIVE_LEVEL !=INTERNAL } -of_object [get_pins -filter {DIRECTION==IN} -of_objects [get_nets -hierarchical -filter {PARENT=="has_dram.dram/litedram/main_clkout_buf3"}]]]
resize_pblock [get_pblocks {CLKAG_has_dram.dram/litedram/main_clkout_buf3}] -add {CLOCKREGION_X1Y3:CLOCKREGION_X1Y3}
#endgroup

# Clock net "has_dram.dram/litedram/iodelay_clk" driven by instance "has_dram.dram/litedram/BUFG" located at site "BUFGCTRL_X0Y4"
#startgroup
create_pblock {CLKAG_has_dram.dram/litedram/iodelay_clk}
add_cells_to_pblock [get_pblocks  {CLKAG_has_dram.dram/litedram/iodelay_clk}] [get_cells -filter { PRIMITIVE_GROUP != I/O && IS_PRIMITIVE==1 && PRIMITIVE_LEVEL !=INTERNAL } -of_object [get_pins -filter {DIRECTION==IN} -of_objects [get_nets -hierarchical -filter {PARENT=="has_dram.dram/litedram/iodelay_clk"}]]]
resize_pblock [get_pblocks {CLKAG_has_dram.dram/litedram/iodelay_clk}] -add {CLOCKREGION_X0Y1:CLOCKREGION_X0Y1 CLOCKREGION_X1Y3:CLOCKREGION_X1Y3}
#endgroup

# Clock net "has_dram.dram/litedram/BUFG_2_0" driven by instance "has_dram.dram/litedram/BUFG_2" located at site "BUFGCTRL_X0Y3"
#startgroup
create_pblock {CLKAG_has_dram.dram/litedram/BUFG_2_0}
add_cells_to_pblock [get_pblocks  {CLKAG_has_dram.dram/litedram/BUFG_2_0}] [get_cells -filter { PRIMITIVE_GROUP != I/O && IS_PRIMITIVE==1 && PRIMITIVE_LEVEL !=INTERNAL } -of_object [get_pins -filter {DIRECTION==IN} -of_objects [get_nets -hierarchical -filter {PARENT=="has_dram.dram/litedram/BUFG_2_0"}]]]
resize_pblock [get_pblocks {CLKAG_has_dram.dram/litedram/BUFG_2_0}] -add {CLOCKREGION_X1Y3:CLOCKREGION_X1Y3}
#endgroup

# Clock net "has_dram.dram/litedram/BUFG_1_0" driven by instance "has_dram.dram/litedram/BUFG_1" located at site "BUFGCTRL_X0Y0"
#startgroup
create_pblock {CLKAG_has_dram.dram/litedram/BUFG_1_0}
add_cells_to_pblock [get_pblocks  {CLKAG_has_dram.dram/litedram/BUFG_1_0}] [get_cells -filter { PRIMITIVE_GROUP != I/O && IS_PRIMITIVE==1 && PRIMITIVE_LEVEL !=INTERNAL } -of_object [get_pins -filter {DIRECTION==IN} -of_objects [get_nets -hierarchical -filter {PARENT=="has_dram.dram/litedram/BUFG_1_0"}]]]
resize_pblock [get_pblocks {CLKAG_has_dram.dram/litedram/BUFG_1_0}] -add {CLOCKREGION_X0Y0:CLOCKREGION_X0Y0 CLOCKREGION_X0Y1:CLOCKREGION_X0Y1 CLOCKREGION_X0Y2:CLOCKREGION_X0Y2 CLOCKREGION_X1Y0:CLOCKREGION_X1Y0 CLOCKREGION_X1Y1:CLOCKREGION_X1Y1 CLOCKREGION_X1Y2:CLOCKREGION_X1Y2 CLOCKREGION_X1Y3:CLOCKREGION_X1Y3}
#endgroup

# Clock net "ext_clk_IBUF_BUFG" driven by instance "ext_clk_IBUF_BUFG_inst" located at site "BUFGCTRL_X0Y8"
#startgroup
create_pblock {CLKAG_ext_clk_IBUF_BUFG}
add_cells_to_pblock [get_pblocks  {CLKAG_ext_clk_IBUF_BUFG}] [get_cells -filter { PRIMITIVE_GROUP != I/O && IS_PRIMITIVE==1 && PRIMITIVE_LEVEL !=INTERNAL && NAME!=has_dram.dram/litedram/PLLE2_ADV} -of_object [get_pins -filter {DIRECTION==IN} -of_objects [get_nets -hierarchical -filter {PARENT=="ext_clk_IBUF_BUFG"}]]]
resize_pblock [get_pblocks {CLKAG_ext_clk_IBUF_BUFG}] -add {CLOCKREGION_X0Y2:CLOCKREGION_X0Y2 CLOCKREGION_X0Y3:CLOCKREGION_X0Y3}
#endgroup
