Copyright 1986-2019 Xilinx, Inc. All Rights Reserved.
-------------------------------------------------------------------------------------------
| Tool Version      : Vivado v.2019.1 (lin64) Build 2552052 Fri May 24 14:47:09 MDT 2019
| Date              : Mon Nov 17 15:06:32 2025
| Host              : exjobb35 running 64-bit Ubuntu 24.04.3 LTS
| Command           : report_clock_utilization -file toplevel_clock_utilization_routed.rpt
| Design            : toplevel
| Device            : 7a100ti-csg324
| Speed File        : -1L  PRODUCTION 1.23 2018-06-13
| Temperature Grade : I
| Design State      : Routed
-------------------------------------------------------------------------------------------

Clock Utilization Report

Table of Contents
-----------------
1. Clock Primitive Utilization
2. Global Clock Resources
3. Global Clock Source Details
4. Clock Regions: Key Resource Utilization
5. Clock Regions : Global Clock Summary
6. Device Cell Placement Summary for Global Clock g0
7. Device Cell Placement Summary for Global Clock g1
8. Device Cell Placement Summary for Global Clock g2
9. Device Cell Placement Summary for Global Clock g3
10. Device Cell Placement Summary for Global Clock g4
11. Device Cell Placement Summary for Global Clock g5
12. Device Cell Placement Summary for Global Clock g6
13. Device Cell Placement Summary for Global Clock g7
14. Device Cell Placement Summary for Global Clock g8
15. Clock Region Cell Placement per Global Clock: Region X0Y0
16. Clock Region Cell Placement per Global Clock: Region X1Y0
17. Clock Region Cell Placement per Global Clock: Region X0Y1
18. Clock Region Cell Placement per Global Clock: Region X1Y1
19. Clock Region Cell Placement per Global Clock: Region X0Y2
20. Clock Region Cell Placement per Global Clock: Region X1Y2
21. Clock Region Cell Placement per Global Clock: Region X0Y3
22. Clock Region Cell Placement per Global Clock: Region X1Y3

1. Clock Primitive Utilization
------------------------------

+----------+------+-----------+-----+--------------+--------+
| Type     | Used | Available | LOC | Clock Region | Pblock |
+----------+------+-----------+-----+--------------+--------+
| BUFGCTRL |    8 |        32 |   0 |            0 |      0 |
| BUFH     |    0 |        96 |   0 |            0 |      0 |
| BUFIO    |    0 |        24 |   0 |            0 |      0 |
| BUFMR    |    0 |        12 |   0 |            0 |      0 |
| BUFR     |    1 |        24 |   0 |            0 |      0 |
| MMCM     |    0 |         6 |   0 |            0 |      0 |
| PLL      |    1 |         6 |   0 |            0 |      0 |
+----------+------+-----------+-----+--------------+--------+


2. Global Clock Resources
-------------------------

+-----------+-----------+-----------------+------------+----------------+--------------+-------------------+-------------+-----------------+--------------+------------------+----------------------------------------+-----------------------------------------+
| Global Id | Source Id | Driver Type/Pin | Constraint | Site           | Clock Region | Load Clock Region | Clock Loads | Non-Clock Loads | Clock Period | Clock            | Driver Pin                             | Net                                     |
+-----------+-----------+-----------------+------------+----------------+--------------+-------------------+-------------+-----------------+--------------+------------------+----------------------------------------+-----------------------------------------+
| g0        | src0      | BUFG/O          | None       | BUFGCTRL_X0Y0  | n/a          |                 8 |       26382 |               1 |       10.000 | main_clkout1     | has_dram.dram/litedram/BUFG_1/O        | has_dram.dram/litedram/FDCE_7_0         |
| g1        | src1      | BUFG/O          | None       | BUFGCTRL_X0Y4  | n/a          |                 1 |         159 |               0 |              |                  | soc0/dtm/clkbuf/O                      | soc0/dtm/jtag_clk                       |
| g2        | src2      | BUFG/O          | None       | BUFGCTRL_X0Y16 | n/a          |                 2 |         142 |               0 |       40.000 | eth_tx_clk       | eth_clocks_tx_IBUF_BUFG_inst/O         | eth_clocks_tx_IBUF_BUFG                 |
| g3        | src3      | BUFG/O          | None       | BUFGCTRL_X0Y17 | n/a          |                 1 |         114 |               0 |       40.000 | eth_rx_clk       | eth_clocks_rx_IBUF_BUFG_inst/O         | eth_clocks_rx_IBUF_BUFG                 |
| g4        | src0      | BUFG/O          | None       | BUFGCTRL_X0Y1  | n/a          |                 1 |          75 |               0 |        2.500 | main_clkout2     | has_dram.dram/litedram/BUFG_2/O        | has_dram.dram/litedram/FDCE_7_1         |
| g5        | src4      | BUFG/O          | None       | BUFGCTRL_X0Y18 | n/a          |                 1 |          30 |               0 |       10.000 | sys_clk_pin      | ext_clk_IBUF_BUFG_inst/O               | ext_clk_IBUF_BUFG                       |
| g6        | src0      | BUFG/O          | None       | BUFGCTRL_X0Y2  | n/a          |                 1 |           8 |               0 |        5.000 | main_clkout0     | has_dram.dram/litedram/BUFG/O          | has_dram.dram/litedram/iodelay_clk      |
| g7        | src0      | BUFG/O          | None       | BUFGCTRL_X0Y3  | n/a          |                 1 |           2 |               0 |        2.500 | main_clkout3     | has_dram.dram/litedram/BUFG_3/O        | has_dram.dram/litedram/main_clkout_buf3 |
| g8        | src5      | BUFR/O          | None       | BUFR_X0Y9      | X0Y2         |                 1 |           0 |               1 |       40.000 | eth_ref_clk_OBUF | has_liteeth.eth_use_bufr.eth_clk_div/O | eth_ref_clk_OBUF                        |
+-----------+-----------+-----------------+------------+----------------+--------------+-------------------+-------------+-----------------+--------------+------------------+----------------------------------------+-----------------------------------------+
* Clock Loads column represents the clock pin loads (pin count)
** Non-Clock Loads column represents the non-clock pin loads (pin count)


3. Global Clock Source Details
------------------------------

+-----------+-----------+-------------------+------------+----------------+--------------+-------------+-----------------+---------------------+--------------+------------------------------------------+-------------------------------------+
| Source Id | Global Id | Driver Type/Pin   | Constraint | Site           | Clock Region | Clock Loads | Non-Clock Loads | Source Clock Period | Source Clock | Driver Pin                               | Net                                 |
+-----------+-----------+-------------------+------------+----------------+--------------+-------------+-----------------+---------------------+--------------+------------------------------------------+-------------------------------------+
| src0      | g6        | PLLE2_ADV/CLKOUT0 | None       | PLLE2_ADV_X0Y0 | X0Y0         |           1 |               0 |               5.000 | main_clkout0 | has_dram.dram/litedram/PLLE2_ADV/CLKOUT0 | has_dram.dram/litedram/main_clkout0 |
| src0      | g0        | PLLE2_ADV/CLKOUT1 | None       | PLLE2_ADV_X0Y0 | X0Y0         |           1 |               0 |              10.000 | main_clkout1 | has_dram.dram/litedram/PLLE2_ADV/CLKOUT1 | has_dram.dram/litedram/main_clkout1 |
| src0      | g4        | PLLE2_ADV/CLKOUT2 | None       | PLLE2_ADV_X0Y0 | X0Y0         |           1 |               0 |               2.500 | main_clkout2 | has_dram.dram/litedram/PLLE2_ADV/CLKOUT2 | has_dram.dram/litedram/main_clkout2 |
| src0      | g7        | PLLE2_ADV/CLKOUT3 | None       | PLLE2_ADV_X0Y0 | X0Y0         |           1 |               0 |               2.500 | main_clkout3 | has_dram.dram/litedram/PLLE2_ADV/CLKOUT3 | has_dram.dram/litedram/main_clkout3 |
| src1      | g1        | BSCANE2/TCK       | None       | BSCAN_X0Y1     | X0Y1         |           1 |               0 |                     |              | soc0/dtm/bscan/TCK                       | soc0/dtm/tck                        |
| src2      | g2        | IBUF/O            | IOB_X0Y124 | IOB_X0Y124     | X0Y2         |           1 |               0 |              40.000 | eth_tx_clk   | eth_clocks_tx_IBUF_inst/O                | eth_clocks_tx_IBUF                  |
| src3      | g3        | IBUF/O            | IOB_X0Y122 | IOB_X0Y122     | X0Y2         |           1 |               0 |              40.000 | eth_rx_clk   | eth_clocks_rx_IBUF_inst/O                | eth_clocks_rx_IBUF                  |
| src4      | g5        | IBUF/O            | IOB_X1Y126 | IOB_X1Y126     | X1Y2         |           1 |               0 |              10.000 | sys_clk_pin  | ext_clk_IBUF_inst/O                      | ext_clk_IBUF                        |
| src5      | g8        | BUFG/O            | None       | BUFGCTRL_X0Y0  | n/a          |       28218 |               0 |              10.000 | main_clkout1 | has_dram.dram/litedram/BUFG_1/O          | has_dram.dram/litedram/FDCE_7_0     |
+-----------+-----------+-------------------+------------+----------------+--------------+-------------+-----------------+---------------------+--------------+------------------------------------------+-------------------------------------+
* Clock Loads column represents the clock pin loads (pin count)
** Non-Clock Loads column represents the non-clock pin loads (pin count)


4. Clock Regions: Key Resource Utilization
------------------------------------------

+-------------------+--------------+--------------+--------------+--------------+--------------+--------------+--------------+--------------+--------------+--------------+--------------+--------------+--------------+--------------+--------------+
|                   | Global Clock |     BUFRs    |    BUFMRs    |    BUFIOs    |     MMCM     |      PLL     |      GT      |      PCI     |    ILOGIC    |    OLOGIC    |      FF      |     LUTM     |    RAMB18    |    RAMB36    |    DSP48E2   |
+-------------------+------+-------+------+-------+------+-------+------+-------+------+-------+------+-------+------+-------+------+-------+------+-------+------+-------+------+-------+------+-------+------+-------+------+-------+------+-------+
| Clock Region Name | Used | Avail | Used | Avail | Used | Avail | Used | Avail | Used | Avail | Used | Avail | Used | Avail | Used | Avail | Used | Avail | Used | Avail | Used | Avail | Used | Avail | Used | Avail | Used | Avail | Used | Avail |
+-------------------+------+-------+------+-------+------+-------+------+-------+------+-------+------+-------+------+-------+------+-------+------+-------+------+-------+------+-------+------+-------+------+-------+------+-------+------+-------+
| X0Y0              |    3 |    12 |    0 |     4 |    0 |     2 |    0 |     4 |    0 |     1 |    1 |     1 |    0 |     0 |    0 |     0 |    0 |    50 |    0 |    50 |  914 |  2600 |  214 |   600 |    0 |    20 |    2 |    10 |    0 |    20 |
| X1Y0              |    3 |    12 |    0 |     0 |    0 |     0 |    0 |     0 |    0 |     0 |    0 |     0 |    0 |     4 |    0 |     0 |    0 |     0 |    0 |     0 |  967 |  1500 |  332 |   550 |    1 |    40 |   12 |    20 |    0 |    40 |
| X0Y1              |    1 |    12 |    0 |     4 |    0 |     2 |    0 |     4 |    0 |     1 |    0 |     1 |    0 |     0 |    0 |     0 |    4 |    50 |    1 |    50 | 4570 |  2000 | 1523 |   600 |    0 |    20 |    8 |    10 |    0 |    20 |
| X1Y1              |    4 |    12 |    0 |     4 |    0 |     2 |    0 |     4 |    0 |     1 |    0 |     1 |    0 |     0 |    0 |     0 |   16 |    50 |   45 |    50 | 4551 |  1900 | 1466 |   650 |    1 |    60 |   26 |    30 |    4 |    40 |
| X0Y2              |    3 |    12 |    1 |     4 |    0 |     2 |    0 |     4 |    0 |     1 |    0 |     1 |    0 |     0 |    0 |     0 |    0 |    50 |    0 |    50 | 4923 |  2000 | 1380 |   600 |    0 |    20 |    5 |    10 |    0 |    20 |
| X1Y2              |    1 |    12 |    0 |     4 |    0 |     2 |    0 |     4 |    0 |     1 |    0 |     1 |    0 |     0 |    0 |     0 |    0 |    50 |    0 |    50 | 2807 |  1900 |  932 |   650 |    0 |    60 |   16 |    30 |   32 |    40 |
| X0Y3              |    1 |    12 |    0 |     4 |    0 |     2 |    0 |     4 |    0 |     1 |    0 |     1 |    0 |     0 |    0 |     0 |    0 |    50 |    0 |    50 | 4487 |  2600 |  946 |   600 |    2 |    20 |    4 |    10 |   16 |    20 |
| X1Y3              |    1 |    12 |    0 |     0 |    0 |     0 |    0 |     0 |    0 |     0 |    0 |     0 |    0 |     4 |    0 |     1 |    0 |     0 |    0 |     0 | 2263 |  1350 |  818 |   500 |    0 |    30 |    7 |    15 |   20 |    40 |
+-------------------+------+-------+------+-------+------+-------+------+-------+------+-------+------+-------+------+-------+------+-------+------+-------+------+-------+------+-------+------+-------+------+-------+------+-------+------+-------+
* Global Clock column represents track count; while other columns represents cell counts


5. Clock Regions : Global Clock Summary
---------------------------------------

All Modules
+----+----+----+
|    | X0 | X1 |
+----+----+----+
| Y3 |  1 |  1 |
| Y2 |  3 |  1 |
| Y1 |  1 |  4 |
| Y0 |  3 |  3 |
+----+----+----+


6. Device Cell Placement Summary for Global Clock g0
----------------------------------------------------

+-----------+-----------------+-------------------+--------------+-------------+---------------+-------------+----------+----------------+----------+---------------------------------+
| Global Id | Driver Type/Pin | Driver Region (D) | Clock        | Period (ns) | Waveform (ns) | Slice Loads | IO Loads | Clocking Loads | GT Loads | Net                             |
+-----------+-----------------+-------------------+--------------+-------------+---------------+-------------+----------+----------------+----------+---------------------------------+
| g0        | BUFG/O          | n/a               | main_clkout1 |      10.000 | {0.000 5.000} |       25217 |       61 |              1 |        0 | has_dram.dram/litedram/FDCE_7_0 |
+-----------+-----------------+-------------------+--------------+-------------+---------------+-------------+----------+----------------+----------+---------------------------------+
* Slice Loads column represents load cell count of all cell types other than IO, GT and clock resources
** IO Loads column represents load cell count of IO types
*** Clocking Loads column represents load cell count that are clock resources (global clock buffer, MMCM, PLL, etc)
**** GT Loads column represents load cell count of GT types


+----+-------+-------+
|    | X0    | X1    |
+----+-------+-------+
| Y3 |  4511 |  2291 |
| Y2 |  4770 |  2856 |
| Y1 |  4578 |  4657 |
| Y0 |   866 |   750 |
+----+-------+-------+


7. Device Cell Placement Summary for Global Clock g1
----------------------------------------------------

+-----------+-----------------+-------------------+-------+-------------+---------------+-------------+----------+----------------+----------+-------------------+
| Global Id | Driver Type/Pin | Driver Region (D) | Clock | Period (ns) | Waveform (ns) | Slice Loads | IO Loads | Clocking Loads | GT Loads | Net               |
+-----------+-----------------+-------------------+-------+-------------+---------------+-------------+----------+----------------+----------+-------------------+
| g1        | BUFG/O          | n/a               |       |             |               |         159 |        0 |              0 |        0 | soc0/dtm/jtag_clk |
+-----------+-----------------+-------------------+-------+-------------+---------------+-------------+----------+----------------+----------+-------------------+
* Slice Loads column represents load cell count of all cell types other than IO, GT and clock resources
** IO Loads column represents load cell count of IO types
*** Clocking Loads column represents load cell count that are clock resources (global clock buffer, MMCM, PLL, etc)
**** GT Loads column represents load cell count of GT types


+----+------+----+
|    | X0   | X1 |
+----+------+----+
| Y3 |    0 |  0 |
| Y2 |  159 |  0 |
| Y1 |    0 |  0 |
| Y0 |    0 |  0 |
+----+------+----+


8. Device Cell Placement Summary for Global Clock g2
----------------------------------------------------

+-----------+-----------------+-------------------+------------+-------------+----------------+-------------+----------+----------------+----------+-------------------------+
| Global Id | Driver Type/Pin | Driver Region (D) | Clock      | Period (ns) | Waveform (ns)  | Slice Loads | IO Loads | Clocking Loads | GT Loads | Net                     |
+-----------+-----------------+-------------------+------------+-------------+----------------+-------------+----------+----------------+----------+-------------------------+
| g2        | BUFG/O          | n/a               | eth_tx_clk |      40.000 | {0.000 20.000} |         142 |        0 |              0 |        0 | eth_clocks_tx_IBUF_BUFG |
+-----------+-----------------+-------------------+------------+-------------+----------------+-------------+----------+----------------+----------+-------------------------+
* Slice Loads column represents load cell count of all cell types other than IO, GT and clock resources
** IO Loads column represents load cell count of IO types
*** Clocking Loads column represents load cell count that are clock resources (global clock buffer, MMCM, PLL, etc)
**** GT Loads column represents load cell count of GT types


+----+-----+------+
|    | X0  | X1   |
+----+-----+------+
| Y3 |   0 |    0 |
| Y2 |   0 |    0 |
| Y1 |   0 |    0 |
| Y0 |  21 |  121 |
+----+-----+------+


9. Device Cell Placement Summary for Global Clock g3
----------------------------------------------------

+-----------+-----------------+-------------------+------------+-------------+----------------+-------------+----------+----------------+----------+-------------------------+
| Global Id | Driver Type/Pin | Driver Region (D) | Clock      | Period (ns) | Waveform (ns)  | Slice Loads | IO Loads | Clocking Loads | GT Loads | Net                     |
+-----------+-----------------+-------------------+------------+-------------+----------------+-------------+----------+----------------+----------+-------------------------+
| g3        | BUFG/O          | n/a               | eth_rx_clk |      40.000 | {0.000 20.000} |         112 |        0 |              0 |        0 | eth_clocks_rx_IBUF_BUFG |
+-----------+-----------------+-------------------+------------+-------------+----------------+-------------+----------+----------------+----------+-------------------------+
* Slice Loads column represents load cell count of all cell types other than IO, GT and clock resources
** IO Loads column represents load cell count of IO types
*** Clocking Loads column represents load cell count that are clock resources (global clock buffer, MMCM, PLL, etc)
**** GT Loads column represents load cell count of GT types


+----+----+------+
|    | X0 | X1   |
+----+----+------+
| Y3 |  0 |    0 |
| Y2 |  0 |    0 |
| Y1 |  0 |    0 |
| Y0 |  0 |  112 |
+----+----+------+


10. Device Cell Placement Summary for Global Clock g4
-----------------------------------------------------

+-----------+-----------------+-------------------+--------------+-------------+---------------+-------------+----------+----------------+----------+---------------------------------+
| Global Id | Driver Type/Pin | Driver Region (D) | Clock        | Period (ns) | Waveform (ns) | Slice Loads | IO Loads | Clocking Loads | GT Loads | Net                             |
+-----------+-----------------+-------------------+--------------+-------------+---------------+-------------+----------+----------------+----------+---------------------------------+
| g4        | BUFG/O          | n/a               | main_clkout2 |       2.500 | {0.000 1.250} |           0 |       59 |              0 |        0 | has_dram.dram/litedram/FDCE_7_1 |
+-----------+-----------------+-------------------+--------------+-------------+---------------+-------------+----------+----------------+----------+---------------------------------+
* Slice Loads column represents load cell count of all cell types other than IO, GT and clock resources
** IO Loads column represents load cell count of IO types
*** Clocking Loads column represents load cell count that are clock resources (global clock buffer, MMCM, PLL, etc)
**** GT Loads column represents load cell count of GT types


+----+----+-----+
|    | X0 | X1  |
+----+----+-----+
| Y3 |  0 |   0 |
| Y2 |  0 |   0 |
| Y1 |  0 |  59 |
| Y0 |  0 |   0 |
+----+----+-----+


11. Device Cell Placement Summary for Global Clock g5
-----------------------------------------------------

+-----------+-----------------+-------------------+-------------+-------------+---------------+-------------+----------+----------------+----------+-------------------+
| Global Id | Driver Type/Pin | Driver Region (D) | Clock       | Period (ns) | Waveform (ns) | Slice Loads | IO Loads | Clocking Loads | GT Loads | Net               |
+-----------+-----------------+-------------------+-------------+-------------+---------------+-------------+----------+----------------+----------+-------------------+
| g5        | BUFG/O          | n/a               | sys_clk_pin |      10.000 | {0.000 5.000} |          29 |        0 |              1 |        0 | ext_clk_IBUF_BUFG |
+-----------+-----------------+-------------------+-------------+-------------+---------------+-------------+----------+----------------+----------+-------------------+
* Slice Loads column represents load cell count of all cell types other than IO, GT and clock resources
** IO Loads column represents load cell count of IO types
*** Clocking Loads column represents load cell count that are clock resources (global clock buffer, MMCM, PLL, etc)
**** GT Loads column represents load cell count of GT types


+----+-----+----+
|    | X0  | X1 |
+----+-----+----+
| Y3 |   0 |  0 |
| Y2 |   0 |  0 |
| Y1 |   0 |  0 |
| Y0 |  30 |  0 |
+----+-----+----+


12. Device Cell Placement Summary for Global Clock g6
-----------------------------------------------------

+-----------+-----------------+-------------------+--------------+-------------+---------------+-------------+----------+----------------+----------+------------------------------------+
| Global Id | Driver Type/Pin | Driver Region (D) | Clock        | Period (ns) | Waveform (ns) | Slice Loads | IO Loads | Clocking Loads | GT Loads | Net                                |
+-----------+-----------------+-------------------+--------------+-------------+---------------+-------------+----------+----------------+----------+------------------------------------+
| g6        | BUFG/O          | n/a               | main_clkout0 |       5.000 | {0.000 2.500} |           8 |        0 |              0 |        0 | has_dram.dram/litedram/iodelay_clk |
+-----------+-----------------+-------------------+--------------+-------------+---------------+-------------+----------+----------------+----------+------------------------------------+
* Slice Loads column represents load cell count of all cell types other than IO, GT and clock resources
** IO Loads column represents load cell count of IO types
*** Clocking Loads column represents load cell count that are clock resources (global clock buffer, MMCM, PLL, etc)
**** GT Loads column represents load cell count of GT types


+----+----+----+
|    | X0 | X1 |
+----+----+----+
| Y3 |  0 |  0 |
| Y2 |  0 |  0 |
| Y1 |  0 |  8 |
| Y0 |  0 |  0 |
+----+----+----+


13. Device Cell Placement Summary for Global Clock g7
-----------------------------------------------------

+-----------+-----------------+-------------------+--------------+-------------+---------------+-------------+----------+----------------+----------+-----------------------------------------+
| Global Id | Driver Type/Pin | Driver Region (D) | Clock        | Period (ns) | Waveform (ns) | Slice Loads | IO Loads | Clocking Loads | GT Loads | Net                                     |
+-----------+-----------------+-------------------+--------------+-------------+---------------+-------------+----------+----------------+----------+-----------------------------------------+
| g7        | BUFG/O          | n/a               | main_clkout3 |       2.500 | {0.625 1.875} |           0 |        2 |              0 |        0 | has_dram.dram/litedram/main_clkout_buf3 |
+-----------+-----------------+-------------------+--------------+-------------+---------------+-------------+----------+----------------+----------+-----------------------------------------+
* Slice Loads column represents load cell count of all cell types other than IO, GT and clock resources
** IO Loads column represents load cell count of IO types
*** Clocking Loads column represents load cell count that are clock resources (global clock buffer, MMCM, PLL, etc)
**** GT Loads column represents load cell count of GT types


+----+----+----+
|    | X0 | X1 |
+----+----+----+
| Y3 |  0 |  0 |
| Y2 |  0 |  0 |
| Y1 |  0 |  2 |
| Y0 |  0 |  0 |
+----+----+----+


14. Device Cell Placement Summary for Global Clock g8
-----------------------------------------------------

+-----------+-----------------+-------------------+------------------+-------------+----------------+-------------+----------+----------------+----------+------------------+
| Global Id | Driver Type/Pin | Driver Region (D) | Clock            | Period (ns) | Waveform (ns)  | Slice Loads | IO Loads | Clocking Loads | GT Loads | Net              |
+-----------+-----------------+-------------------+------------------+-------------+----------------+-------------+----------+----------------+----------+------------------+
| g8        | BUFR/O          | X0Y2              | eth_ref_clk_OBUF |      40.000 | {0.000 20.000} |           0 |        1 |              0 |        0 | eth_ref_clk_OBUF |
+-----------+-----------------+-------------------+------------------+-------------+----------------+-------------+----------+----------------+----------+------------------+
* Slice Loads column represents load cell count of all cell types other than IO, GT and clock resources
** IO Loads column represents load cell count of IO types
*** Clocking Loads column represents load cell count that are clock resources (global clock buffer, MMCM, PLL, etc)
**** GT Loads column represents load cell count of GT types


+----+--------+----+
|    | X0     | X1 |
+----+--------+----+
| Y3 |      0 |  0 |
| Y2 |  (D) 1 |  0 |
| Y1 |      0 |  0 |
| Y0 |      0 |  0 |
+----+--------+----+


15. Clock Region Cell Placement per Global Clock: Region X0Y0
-------------------------------------------------------------

+-----------+-------+-----------------+------------+-------------+-----------------+-----+--------+------+-----+----+------+-----+---------+---------------------------------+
| Global Id | Track | Driver Type/Pin | Constraint | Clock Loads | Non-Clock Loads | FF  | LUTRAM | RAMB | DSP | GT | MMCM | PLL | Hard IP | Net                             |
+-----------+-------+-----------------+------------+-------------+-----------------+-----+--------+------+-----+----+------+-----+---------+---------------------------------+
| g0        | n/a   | BUFG/O          | None       |         866 |               0 | 864 |      0 |    2 |   0 |  0 |    0 |   0 |       0 | has_dram.dram/litedram/FDCE_7_0 |
| g2        | n/a   | BUFG/O          | None       |          21 |               0 |  21 |      0 |    0 |   0 |  0 |    0 |   0 |       0 | eth_clocks_tx_IBUF_BUFG         |
| g5        | n/a   | BUFG/O          | None       |          30 |               0 |  29 |      0 |    0 |   0 |  0 |    0 |   1 |       0 | ext_clk_IBUF_BUFG               |
+-----------+-------+-----------------+------------+-------------+-----------------+-----+--------+------+-----+----+------+-----+---------+---------------------------------+
* Clock Loads column represents the clock pin loads (pin count)
** Non-Clock Loads column represents the non-clock pin loads (pin count)
*** Columns FF, LUTRAM, RAMB through 'Hard IP' represents load cell counts


16. Clock Region Cell Placement per Global Clock: Region X1Y0
-------------------------------------------------------------

+-----------+-------+-----------------+------------+-------------+-----------------+-----+--------+------+-----+----+------+-----+---------+---------------------------------+
| Global Id | Track | Driver Type/Pin | Constraint | Clock Loads | Non-Clock Loads | FF  | LUTRAM | RAMB | DSP | GT | MMCM | PLL | Hard IP | Net                             |
+-----------+-------+-----------------+------------+-------------+-----------------+-----+--------+------+-----+----+------+-----+---------+---------------------------------+
| g0        | n/a   | BUFG/O          | None       |         750 |               0 | 736 |      0 |   13 |   0 |  0 |    0 |   0 |       0 | has_dram.dram/litedram/FDCE_7_0 |
| g2        | n/a   | BUFG/O          | None       |         121 |               0 | 120 |      0 |    1 |   0 |  0 |    0 |   0 |       0 | eth_clocks_tx_IBUF_BUFG         |
| g3        | n/a   | BUFG/O          | None       |         112 |               0 | 111 |      0 |    1 |   0 |  0 |    0 |   0 |       0 | eth_clocks_rx_IBUF_BUFG         |
+-----------+-------+-----------------+------------+-------------+-----------------+-----+--------+------+-----+----+------+-----+---------+---------------------------------+
* Clock Loads column represents the clock pin loads (pin count)
** Non-Clock Loads column represents the non-clock pin loads (pin count)
*** Columns FF, LUTRAM, RAMB through 'Hard IP' represents load cell counts


17. Clock Region Cell Placement per Global Clock: Region X0Y1
-------------------------------------------------------------

+-----------+-------+-----------------+------------+-------------+-----------------+------+--------+------+-----+----+------+-----+---------+---------------------------------+
| Global Id | Track | Driver Type/Pin | Constraint | Clock Loads | Non-Clock Loads | FF   | LUTRAM | RAMB | DSP | GT | MMCM | PLL | Hard IP | Net                             |
+-----------+-------+-----------------+------------+-------------+-----------------+------+--------+------+-----+----+------+-----+---------+---------------------------------+
| g0        | n/a   | BUFG/O          | None       |        4578 |               0 | 4570 |      0 |    8 |   0 |  0 |    0 |   0 |       0 | has_dram.dram/litedram/FDCE_7_0 |
+-----------+-------+-----------------+------------+-------------+-----------------+------+--------+------+-----+----+------+-----+---------+---------------------------------+
* Clock Loads column represents the clock pin loads (pin count)
** Non-Clock Loads column represents the non-clock pin loads (pin count)
*** Columns FF, LUTRAM, RAMB through 'Hard IP' represents load cell counts


18. Clock Region Cell Placement per Global Clock: Region X1Y1
-------------------------------------------------------------

+-----------+-------+-----------------+------------+-------------+-----------------+------+--------+------+-----+----+------+-----+---------+-----------------------------------------+
| Global Id | Track | Driver Type/Pin | Constraint | Clock Loads | Non-Clock Loads | FF   | LUTRAM | RAMB | DSP | GT | MMCM | PLL | Hard IP | Net                                     |
+-----------+-------+-----------------+------------+-------------+-----------------+------+--------+------+-----+----+------+-----+---------+-----------------------------------------+
| g0        | n/a   | BUFG/O          | None       |        4657 |               0 | 4544 |      2 |   27 |   4 |  0 |    0 |   0 |       0 | has_dram.dram/litedram/FDCE_7_0         |
| g4        | n/a   | BUFG/O          | None       |          59 |               0 |    0 |      0 |    0 |   0 |  0 |    0 |   0 |       0 | has_dram.dram/litedram/FDCE_7_1         |
| g6        | n/a   | BUFG/O          | None       |           8 |               0 |    7 |      0 |    0 |   0 |  0 |    0 |   0 |       0 | has_dram.dram/litedram/iodelay_clk      |
| g7        | n/a   | BUFG/O          | None       |           2 |               0 |    0 |      0 |    0 |   0 |  0 |    0 |   0 |       0 | has_dram.dram/litedram/main_clkout_buf3 |
+-----------+-------+-----------------+------------+-------------+-----------------+------+--------+------+-----+----+------+-----+---------+-----------------------------------------+
* Clock Loads column represents the clock pin loads (pin count)
** Non-Clock Loads column represents the non-clock pin loads (pin count)
*** Columns FF, LUTRAM, RAMB through 'Hard IP' represents load cell counts


19. Clock Region Cell Placement per Global Clock: Region X0Y2
-------------------------------------------------------------

+-----------+-------+-----------------+------------+-------------+-----------------+------+--------+------+-----+----+------+-----+---------+---------------------------------+
| Global Id | Track | Driver Type/Pin | Constraint | Clock Loads | Non-Clock Loads | FF   | LUTRAM | RAMB | DSP | GT | MMCM | PLL | Hard IP | Net                             |
+-----------+-------+-----------------+------------+-------------+-----------------+------+--------+------+-----+----+------+-----+---------+---------------------------------+
| g0        | n/a   | BUFG/O          | None       |        4769 |               1 | 4764 |      0 |    5 |   0 |  0 |    0 |   0 |       0 | has_dram.dram/litedram/FDCE_7_0 |
| g1        | n/a   | BUFG/O          | None       |         159 |               0 |  159 |      0 |    0 |   0 |  0 |    0 |   0 |       0 | soc0/dtm/jtag_clk               |
| g8        | n/a   | BUFR/O          | None       |           0 |               1 |    0 |      0 |    0 |   0 |  0 |    0 |   0 |       0 | eth_ref_clk_OBUF                |
+-----------+-------+-----------------+------------+-------------+-----------------+------+--------+------+-----+----+------+-----+---------+---------------------------------+
* Clock Loads column represents the clock pin loads (pin count)
** Non-Clock Loads column represents the non-clock pin loads (pin count)
*** Columns FF, LUTRAM, RAMB through 'Hard IP' represents load cell counts


20. Clock Region Cell Placement per Global Clock: Region X1Y2
-------------------------------------------------------------

+-----------+-------+-----------------+------------+-------------+-----------------+------+--------+------+-----+----+------+-----+---------+---------------------------------+
| Global Id | Track | Driver Type/Pin | Constraint | Clock Loads | Non-Clock Loads | FF   | LUTRAM | RAMB | DSP | GT | MMCM | PLL | Hard IP | Net                             |
+-----------+-------+-----------------+------------+-------------+-----------------+------+--------+------+-----+----+------+-----+---------+---------------------------------+
| g0        | n/a   | BUFG/O          | None       |        2856 |               0 | 2807 |      0 |   16 |  32 |  0 |    0 |   0 |       0 | has_dram.dram/litedram/FDCE_7_0 |
+-----------+-------+-----------------+------------+-------------+-----------------+------+--------+------+-----+----+------+-----+---------+---------------------------------+
* Clock Loads column represents the clock pin loads (pin count)
** Non-Clock Loads column represents the non-clock pin loads (pin count)
*** Columns FF, LUTRAM, RAMB through 'Hard IP' represents load cell counts


21. Clock Region Cell Placement per Global Clock: Region X0Y3
-------------------------------------------------------------

+-----------+-------+-----------------+------------+-------------+-----------------+------+--------+------+-----+----+------+-----+---------+---------------------------------+
| Global Id | Track | Driver Type/Pin | Constraint | Clock Loads | Non-Clock Loads | FF   | LUTRAM | RAMB | DSP | GT | MMCM | PLL | Hard IP | Net                             |
+-----------+-------+-----------------+------------+-------------+-----------------+------+--------+------+-----+----+------+-----+---------+---------------------------------+
| g0        | n/a   | BUFG/O          | None       |        4511 |               0 | 4487 |      0 |    6 |  16 |  0 |    0 |   0 |       0 | has_dram.dram/litedram/FDCE_7_0 |
+-----------+-------+-----------------+------------+-------------+-----------------+------+--------+------+-----+----+------+-----+---------+---------------------------------+
* Clock Loads column represents the clock pin loads (pin count)
** Non-Clock Loads column represents the non-clock pin loads (pin count)
*** Columns FF, LUTRAM, RAMB through 'Hard IP' represents load cell counts


22. Clock Region Cell Placement per Global Clock: Region X1Y3
-------------------------------------------------------------

+-----------+-------+-----------------+------------+-------------+-----------------+------+--------+------+-----+----+------+-----+---------+---------------------------------+
| Global Id | Track | Driver Type/Pin | Constraint | Clock Loads | Non-Clock Loads | FF   | LUTRAM | RAMB | DSP | GT | MMCM | PLL | Hard IP | Net                             |
+-----------+-------+-----------------+------------+-------------+-----------------+------+--------+------+-----+----+------+-----+---------+---------------------------------+
| g0        | n/a   | BUFG/O          | None       |        2291 |               0 | 2263 |      0 |    7 |  20 |  0 |    0 |   0 |       0 | has_dram.dram/litedram/FDCE_7_0 |
+-----------+-------+-----------------+------------+-------------+-----------------+------+--------+------+-----+----+------+-----+---------+---------------------------------+
* Clock Loads column represents the clock pin loads (pin count)
** Non-Clock Loads column represents the non-clock pin loads (pin count)
*** Columns FF, LUTRAM, RAMB through 'Hard IP' represents load cell counts



# Location of BUFG Primitives 
set_property LOC BUFGCTRL_X0Y4 [get_cells soc0/dtm/clkbuf]
set_property LOC BUFGCTRL_X0Y3 [get_cells has_dram.dram/litedram/BUFG_3]
set_property LOC BUFGCTRL_X0Y2 [get_cells has_dram.dram/litedram/BUFG]
set_property LOC BUFGCTRL_X0Y1 [get_cells has_dram.dram/litedram/BUFG_2]
set_property LOC BUFGCTRL_X0Y0 [get_cells has_dram.dram/litedram/BUFG_1]
set_property LOC BUFGCTRL_X0Y18 [get_cells ext_clk_IBUF_BUFG_inst]
set_property LOC BUFGCTRL_X0Y16 [get_cells eth_clocks_tx_IBUF_BUFG_inst]
set_property LOC BUFGCTRL_X0Y17 [get_cells eth_clocks_rx_IBUF_BUFG_inst]

# Location of BUFR Primitives 
set_property LOC BUFR_X0Y9 [get_cells has_liteeth.eth_use_bufr.eth_clk_div]

# Location of IO Primitives which is load of clock spine
set_property LOC IOB_X0Y106 [get_cells eth_ref_clk_OBUF_inst]

# Location of clock ports
set_property LOC IOB_X0Y122 [get_ports eth_clocks_rx]
set_property LOC IOB_X0Y124 [get_ports eth_clocks_tx]
set_property LOC IOB_X1Y126 [get_ports ext_clk]

# Clock net "soc0/dtm/jtag_clk" driven by instance "soc0/dtm/clkbuf" located at site "BUFGCTRL_X0Y4"
#startgroup
create_pblock {CLKAG_soc0/dtm/jtag_clk}
add_cells_to_pblock [get_pblocks  {CLKAG_soc0/dtm/jtag_clk}] [get_cells -filter { PRIMITIVE_GROUP != I/O && IS_PRIMITIVE==1 && PRIMITIVE_LEVEL !=INTERNAL } -of_object [get_pins -filter {DIRECTION==IN} -of_objects [get_nets -hierarchical -filter {PARENT=="soc0/dtm/jtag_clk"}]]]
resize_pblock [get_pblocks {CLKAG_soc0/dtm/jtag_clk}] -add {CLOCKREGION_X0Y2:CLOCKREGION_X0Y2}
#endgroup

# Clock net "has_dram.dram/litedram/main_clkout_buf3" driven by instance "has_dram.dram/litedram/BUFG_3" located at site "BUFGCTRL_X0Y3"
#startgroup
create_pblock {CLKAG_has_dram.dram/litedram/main_clkout_buf3}
add_cells_to_pblock [get_pblocks  {CLKAG_has_dram.dram/litedram/main_clkout_buf3}] [get_cells -filter { PRIMITIVE_GROUP != I/O && IS_PRIMITIVE==1 && PRIMITIVE_LEVEL !=INTERNAL } -of_object [get_pins -filter {DIRECTION==IN} -of_objects [get_nets -hierarchical -filter {PARENT=="has_dram.dram/litedram/main_clkout_buf3"}]]]
resize_pblock [get_pblocks {CLKAG_has_dram.dram/litedram/main_clkout_buf3}] -add {CLOCKREGION_X1Y1:CLOCKREGION_X1Y1}
#endgroup

# Clock net "has_dram.dram/litedram/iodelay_clk" driven by instance "has_dram.dram/litedram/BUFG" located at site "BUFGCTRL_X0Y2"
#startgroup
create_pblock {CLKAG_has_dram.dram/litedram/iodelay_clk}
add_cells_to_pblock [get_pblocks  {CLKAG_has_dram.dram/litedram/iodelay_clk}] [get_cells -filter { PRIMITIVE_GROUP != I/O && IS_PRIMITIVE==1 && PRIMITIVE_LEVEL !=INTERNAL } -of_object [get_pins -filter {DIRECTION==IN} -of_objects [get_nets -hierarchical -filter {PARENT=="has_dram.dram/litedram/iodelay_clk"}]]]
resize_pblock [get_pblocks {CLKAG_has_dram.dram/litedram/iodelay_clk}] -add {CLOCKREGION_X1Y1:CLOCKREGION_X1Y1}
#endgroup

# Clock net "has_dram.dram/litedram/FDCE_7_1" driven by instance "has_dram.dram/litedram/BUFG_2" located at site "BUFGCTRL_X0Y1"
#startgroup
create_pblock {CLKAG_has_dram.dram/litedram/FDCE_7_1}
add_cells_to_pblock [get_pblocks  {CLKAG_has_dram.dram/litedram/FDCE_7_1}] [get_cells -filter { PRIMITIVE_GROUP != I/O && IS_PRIMITIVE==1 && PRIMITIVE_LEVEL !=INTERNAL } -of_object [get_pins -filter {DIRECTION==IN} -of_objects [get_nets -hierarchical -filter {PARENT=="has_dram.dram/litedram/FDCE_7_1"}]]]
resize_pblock [get_pblocks {CLKAG_has_dram.dram/litedram/FDCE_7_1}] -add {CLOCKREGION_X1Y1:CLOCKREGION_X1Y1}
#endgroup

# Clock net "has_dram.dram/litedram/FDCE_7_0" driven by instance "has_dram.dram/litedram/BUFG_1" located at site "BUFGCTRL_X0Y0"
#startgroup
create_pblock {CLKAG_has_dram.dram/litedram/FDCE_7_0}
add_cells_to_pblock [get_pblocks  {CLKAG_has_dram.dram/litedram/FDCE_7_0}] [get_cells -filter { PRIMITIVE_GROUP != I/O && IS_PRIMITIVE==1 && PRIMITIVE_LEVEL !=INTERNAL && NAME!=has_liteeth.eth_use_bufr.eth_clk_div} -of_object [get_pins -filter {DIRECTION==IN} -of_objects [get_nets -hierarchical -filter {PARENT=="has_dram.dram/litedram/FDCE_7_0"}]]]
resize_pblock [get_pblocks {CLKAG_has_dram.dram/litedram/FDCE_7_0}] -add {CLOCKREGION_X0Y0:CLOCKREGION_X0Y0 CLOCKREGION_X0Y1:CLOCKREGION_X0Y1 CLOCKREGION_X0Y2:CLOCKREGION_X0Y2 CLOCKREGION_X0Y3:CLOCKREGION_X0Y3 CLOCKREGION_X1Y0:CLOCKREGION_X1Y0 CLOCKREGION_X1Y1:CLOCKREGION_X1Y1 CLOCKREGION_X1Y2:CLOCKREGION_X1Y2 CLOCKREGION_X1Y3:CLOCKREGION_X1Y3}
#endgroup

# Clock net "ext_clk_IBUF_BUFG" driven by instance "ext_clk_IBUF_BUFG_inst" located at site "BUFGCTRL_X0Y18"
#startgroup
create_pblock {CLKAG_ext_clk_IBUF_BUFG}
add_cells_to_pblock [get_pblocks  {CLKAG_ext_clk_IBUF_BUFG}] [get_cells -filter { PRIMITIVE_GROUP != I/O && IS_PRIMITIVE==1 && PRIMITIVE_LEVEL !=INTERNAL && NAME!=has_dram.dram/litedram/PLLE2_ADV} -of_object [get_pins -filter {DIRECTION==IN} -of_objects [get_nets -hierarchical -filter {PARENT=="ext_clk_IBUF_BUFG"}]]]
resize_pblock [get_pblocks {CLKAG_ext_clk_IBUF_BUFG}] -add {CLOCKREGION_X0Y0:CLOCKREGION_X0Y0}
#endgroup

# Clock net "eth_clocks_tx_IBUF_BUFG" driven by instance "eth_clocks_tx_IBUF_BUFG_inst" located at site "BUFGCTRL_X0Y16"
#startgroup
create_pblock {CLKAG_eth_clocks_tx_IBUF_BUFG}
add_cells_to_pblock [get_pblocks  {CLKAG_eth_clocks_tx_IBUF_BUFG}] [get_cells -filter { PRIMITIVE_GROUP != I/O && IS_PRIMITIVE==1 && PRIMITIVE_LEVEL !=INTERNAL } -of_object [get_pins -filter {DIRECTION==IN} -of_objects [get_nets -hierarchical -filter {PARENT=="eth_clocks_tx_IBUF_BUFG"}]]]
resize_pblock [get_pblocks {CLKAG_eth_clocks_tx_IBUF_BUFG}] -add {CLOCKREGION_X0Y0:CLOCKREGION_X0Y0 CLOCKREGION_X1Y0:CLOCKREGION_X1Y0}
#endgroup

# Clock net "eth_clocks_rx_IBUF_BUFG" driven by instance "eth_clocks_rx_IBUF_BUFG_inst" located at site "BUFGCTRL_X0Y17"
#startgroup
create_pblock {CLKAG_eth_clocks_rx_IBUF_BUFG}
add_cells_to_pblock [get_pblocks  {CLKAG_eth_clocks_rx_IBUF_BUFG}] [get_cells -filter { PRIMITIVE_GROUP != I/O && IS_PRIMITIVE==1 && PRIMITIVE_LEVEL !=INTERNAL } -of_object [get_pins -filter {DIRECTION==IN} -of_objects [get_nets -hierarchical -filter {PARENT=="eth_clocks_rx_IBUF_BUFG"}]]]
resize_pblock [get_pblocks {CLKAG_eth_clocks_rx_IBUF_BUFG}] -add {CLOCKREGION_X1Y0:CLOCKREGION_X1Y0}
#endgroup
